This is pdfTeXk, Version 3.14159-1.10b (Web2C 7.4.5) (format=pdflatex 2006.1.27)  30 NOV 2006 12:30
 file:line:error style messages enabled.
**\nonstopmode \input /home/meyer/src/pkg/vcd/inst/doc/hcl-colors.tex
(/home/meyer/src/pkg/vcd/inst/doc/hcl-colors.tex
(/home/Meyer/lib/texmf/tex/latex/Z.cls
Document Class: Z 2006/10/11 1.1 Z class by Achim Zeileis
(/usr/share/texmf/tex/latex/base/article.cls
Document Class: article 2001/04/21 v1.4e Standard LaTeX document class
(/usr/share/texmf/tex/latex/base/size10.clo
File: size10.clo 2001/04/21 v1.4e Standard LaTeX file (size option)
)
\c@part=\count79
\c@section=\count80
\c@subsection=\count81
\c@subsubsection=\count82
\c@paragraph=\count83
\c@subparagraph=\count84
\c@figure=\count85
\c@table=\count86
\abovecaptionskip=\skip41
\belowcaptionskip=\skip42
\bibindent=\dimen102
)
(/usr/share/texmf/tex/latex/graphics/graphicx.sty
Package: graphicx 1999/02/16 v1.0f Enhanced LaTeX Graphics (DPC,SPQR)

(/usr/share/texmf/tex/latex/graphics/keyval.sty
Package: keyval 1999/03/16 v1.13 key=value parser (DPC)
\KV@toks@=\toks14
)
(/usr/share/texmf/tex/latex/graphics/graphics.sty
Package: graphics 2001/07/07 v1.0n Standard LaTeX Graphics (DPC,SPQR)

(/usr/share/texmf/tex/latex/graphics/trig.sty
Package: trig 1999/03/16 v1.09 sin cos tan (DPC)
)
(/usr/share/texmf/tex/latex/config/graphics.cfg
File: graphics.cfg 2001/08/31 v1.1 graphics configuration of teTeX/TeXLive
)
Package graphics Info: Driver file: pdftex.def on input line 80.

(/usr/share/texmf/tex/latex/graphics/pdftex.def
File: pdftex.def 2002/06/19 v0.03k graphics/color for pdftex
\Gread@gobject=\count87
))
\Gin@req@height=\dimen103
\Gin@req@width=\dimen104
)
(/usr/share/texmf/tex/latex/misc/a4wide.sty
Package: a4wide 1994/08/30

(/usr/share/texmf/tex/latex/ntgclass/a4.sty
Package: a4 1999/03/03 v1.2f A4 based page layout
))
(/usr/share/texmf/tex/latex/graphics/color.sty
Package: color 1999/02/16 v1.0i Standard LaTeX Color (DPC)

(/usr/share/texmf/tex/latex/config/color.cfg
File: color.cfg 2001/08/31 v1.1 color configuration of teTeX/TeXLive
)
Package color Info: Driver file: pdftex.def on input line 125.
)
(/usr/share/texmf/tex/latex/hyperref/hyperref.sty
Package: hyperref 2003/01/22 v6.73n Hypertext links for LaTeX
\@linkdim=\dimen105
\Hy@linkcounter=\count88
\Hy@pagecounter=\count89

(/usr/share/texmf/tex/latex/hyperref/pd1enc.def
File: pd1enc.def 2003/01/22 v6.73n Hyperref: PDFDocEncoding definition (HO)
)
(/home/Meyer/lib/texmf/tex/latex/hyperref.cfg
Package hyperref Info: Option `hyperindex' set `true' on input line 11.
Package hyperref Info: Option `colorlinks' set `true' on input line 11.
Package hyperref Info: Option `linktocpage' set `true' on input line 11.
Package hyperref Info: Option `plainpages' set `false' on input line 11.
)
Package hyperref Info: Hyper figures OFF on input line 1792.
Package hyperref Info: Link nesting OFF on input line 1797.
Package hyperref Info: Hyper index ON on input line 1800.
Package hyperref Info: Plain pages OFF on input line 1807.
Package hyperref Info: Backreferencing OFF on input line 1812.

Implicit mode ON; LaTeX internals redefined
Package hyperref Info: Bookmarks ON on input line 1916.
(/usr/share/texmf/tex/latex/misc/url.sty
\Urlmuskip=\muskip10
Package: url 1999/03/28  ver 1.5x  Verb mode for urls, etc.
)
LaTeX Info: Redefining \url on input line 2055.
\Fld@menulength=\count90
\Field@Width=\dimen106
\Fld@charsize=\dimen107
\Choice@toks=\toks15
\Field@toks=\toks16
Package hyperref Info: Hyper figures OFF on input line 2513.
Package hyperref Info: Link nesting OFF on input line 2518.
Package hyperref Info: Hyper index ON on input line 2521.
Package hyperref Info: backreferencing OFF on input line 2528.
Package hyperref Info: Link coloring ON on input line 2531.
\c@Item=\count91
\c@Hfootnote=\count92
)
*hyperref using default driver hpdftex*
(/usr/share/texmf/tex/latex/hyperref/hpdftex.def
File: hpdftex.def 2003/01/22 v6.73n Hyperref driver for pdfTeX

(/usr/share/texmf/tex/latex/psnfss/pifont.sty
Package: pifont 2002/09/08 PSNFSS-v9.0a Pi font support (SPQR) 
LaTeX Font Info:    Try loading font information for U+pzd on input line 62.

(/usr/share/texmf/tex/latex/psnfss/upzd.fd
File: upzd.fd 2001/06/04 font definitions for U/pzd.
)
LaTeX Font Info:    Try loading font information for U+psy on input line 63.

(/usr/share/texmf/tex/latex/psnfss/upsy.fd
File: upsy.fd 2001/06/04 font definitions for U/psy.
))
\Fld@listcount=\count93
\@outlinefile=\write3
)
(/usr/share/texmf/tex/latex/ae/ae.sty
Package: ae 2001/02/12 1.3 Almost European Computer Modern

(/usr/share/texmf/tex/latex/base/fontenc.sty
Package: fontenc 2001/06/05 v1.94 Standard LaTeX package

(/usr/share/texmf/tex/latex/base/t1enc.def
File: t1enc.def 2001/06/05 v1.94 Standard LaTeX file
LaTeX Font Info:    Redeclaring font encoding T1 on input line 38.
)
LaTeX Font Info:    Try loading font information for T1+aer on input line 95.

(/usr/share/texmf/tex/latex/ae/t1aer.fd
File: t1aer.fd 1997/11/16 Font definitions for T1/aer.
)))
(/usr/share/texmf/tex/latex/fancyvrb/fancyvrb.sty
Package: fancyvrb 2000/03/21

Style option: `fancyvrb' v2.7, with DG/SPQR fixes <2000/03/21> (tvz)
\FV@CodeLineNo=\count94
\FV@InFile=\read1
\FV@TabBox=\box26
\c@FancyVerbLine=\count95
\FV@StepNumber=\count96
\FV@OutFile=\write4
)
(/usr/share/texmf/tex/generic/thumbpdf/thumbpdf.sty
Package: thumbpdf 2002/05/26 v3.2 Inclusion of thumbnails (HO)
\c@thumb=\count97
 (./hcl-colors.tpt))
(/usr/share/texmf/tex/latex/base/fontenc.sty
Package: fontenc 2001/06/05 v1.94 Standard LaTeX package

(/usr/share/texmf/tex/latex/base/t1enc.def
File: t1enc.def 2001/06/05 v1.94 Standard LaTeX file
LaTeX Font Info:    Redeclaring font encoding T1 on input line 38.
))
(/usr/share/texmf/tex/latex/natbib/natbib.sty
Package: natbib 2000/07/24 7.0a (PWD)
\bibhang=\skip43
\bibsep=\skip44
LaTeX Info: Redefining \cite on input line 508.
\c@NAT@ctr=\count98
)
\preXLskip=\skip45
\preLskip=\skip46
\preMskip=\skip47
\preSskip=\skip48
\postMskip=\skip49
\postSskip=\skip50


Package hyperref Warning: Option `hyperindex' has already been used,
(hyperref)                setting the option has no effect on input line 211.

Package hyperref Info: Option `colorlinks' set `true' on input line 211.
Package hyperref Info: Option `linktocpage' set `true' on input line 211.
Package hyperref Info: Option `plainpages' set `false' on input line 211.
) (./hcl-colors.aux)
\openout1 = `hcl-colors.aux'.

LaTeX Font Info:    Checking defaults for OML/cmm/m/it on input line 20.
LaTeX Font Info:    ... okay on input line 20.
LaTeX Font Info:    Checking defaults for T1/cmr/m/n on input line 20.
LaTeX Font Info:    ... okay on input line 20.
LaTeX Font Info:    Checking defaults for OT1/cmr/m/n on input line 20.
LaTeX Font Info:    ... okay on input line 20.
LaTeX Font Info:    Checking defaults for OMS/cmsy/m/n on input line 20.
LaTeX Font Info:    ... okay on input line 20.
LaTeX Font Info:    Checking defaults for OMX/cmex/m/n on input line 20.
LaTeX Font Info:    ... okay on input line 20.
LaTeX Font Info:    Checking defaults for U/cmr/m/n on input line 20.
LaTeX Font Info:    ... okay on input line 20.
LaTeX Font Info:    Checking defaults for PD1/pdf/m/n on input line 20.
LaTeX Font Info:    ... okay on input line 20.
 (/usr/share/texmf/tex/context/base/supp-pdf.tex
(/usr/share/texmf/tex/context/base/supp-mis.tex
loading : Context Support Macros / Missing
\protectiondepth=\count99
\scratchcounter=\count100
\scratchtoks=\toks17
\scratchdimen=\dimen108
\scratchskip=\skip51
\scratchmuskip=\muskip11
\scratchbox=\box27
\scratchread=\read2
\scratchwrite=\write5
\zeropoint=\dimen109
\minusone=\count101
\thousandpoint=\dimen110
\emptytoks=\toks18
\nextbox=\box28
\nextdepth=\dimen111
\everyline=\toks19
\!!counta=\count102
\!!countb=\count103
\recursecounter=\count104
)
loading : Context Support Macros / PDF
\nofMPsegments=\count105
\nofMParguments=\count106
\everyMPtoPDFconversion=\toks20
)
Package hyperref Info: Link coloring ON on input line 20.
 (/usr/share/texmf/tex/latex/hyperref/nameref.sty
Package: nameref 2001/01/27 v2.19 Cross-referencing by name of section
\c@section@level=\count107
)
LaTeX Info: Redefining \ref on input line 20.
LaTeX Info: Redefining \pageref on input line 20.
 (./hcl-colors.out)
(./hcl-colors.out)
\openout3 = `hcl-colors.out'.

LaTeX Font Info:    Try loading font information for T1+aess on input line 20.
 (/usr/share/texmf/tex/latex/ae/t1aess.fd
File: t1aess.fd 1997/11/16 Font definitions for T1/aess.
)
LaTeX Font Info:    External font `cmex10' loaded for size
(Font)              <7> on input line 20.
LaTeX Font Info:    External font `cmex10' loaded for size
(Font)              <5> on input line 20.
LaTeX Font Info:    Try loading font information for T1+aett on input line 37.

(/usr/share/texmf/tex/latex/ae/t1aett.fd
File: t1aett.fd 1997/11/16 Font definitions for T1/aett.
) [1

{/usr/share/texmf/dvips/config/pdftex.map}]
Overfull \hbox (6.81236pt too wide) in paragraph at lines 82--87
/aer10/From left to right and top to down, this shows a palette from the full s
pec-trum ($/cmmi10/H /cmr10/= 30/cmmi10/; /cmr10/120/cmmi10/; /cmr10/210/cmmi10
/; /cmr10/300$/aer10/)
 []

<hcl-colors-pal-q1.pdf, id=100, 433.62pt x 289.08pt>
File: hcl-colors-pal-q1.pdf Graphic file (type pdf)

<use hcl-colors-pal-q1.pdf>
<hcl-colors-pal-s1.pdf, id=101, 433.62pt x 361.35pt>
File: hcl-colors-pal-s1.pdf Graphic file (type pdf)

<use hcl-colors-pal-s1.pdf>
Overfull \hbox (5.0pt too wide) has occurred while \output is active
[]/aer10/2 []
 []

[2]
Overfull \hbox (5.0pt too wide) has occurred while \output is active
[][] /aer10/3
 []

[3 <./hcl-colors-pal-q1.pdf> <./hcl-colors-pal-s1.pdf>]
<hcl-colors-pal-d1.pdf, id=144, 433.62pt x 289.08pt>
File: hcl-colors-pal-d1.pdf Graphic file (type pdf)

<use hcl-colors-pal-d1.pdf>
Overfull \hbox (5.0pt too wide) has occurred while \output is active
[]/aer10/4 []
 []

[4 <./hcl-colors-pal-d1.pdf>]
<hcl-colors-seats1.pdf, id=157, 433.62pt x 361.35pt>
File: hcl-colors-seats1.pdf Graphic file (type pdf)

<use hcl-colors-seats1.pdf>
<hcl-colors-votes1.pdf, id=158, 621.32124pt x 505.89pt>
File: hcl-colors-votes1.pdf Graphic file (type pdf)

<use hcl-colors-votes1.pdf>
Overfull \hbox (5.0pt too wide) has occurred while \output is active
[][] /aer10/5
 []

[5]
Overfull \hbox (5.0pt too wide) has occurred while \output is active
[]/aer10/6 []
 []

[6 <./hcl-colors-seats1.pdf> <./hcl-colors-votes1.pdf>]
<bkde.png, id=182, 843.15pt x 421.575pt>
File: bkde.png Graphic file (type png)
 <use bkde.png>
Overfull \hbox (5.0pt too wide) has occurred while \output is active
[][] /aer10/7
 []

[7 <./bkde.png>] <bkde2.png, id=191, 843.15pt x 421.575pt>
File: bkde2.png Graphic file (type png)
 <use bkde2.png>
Overfull \hbox (5.0pt too wide) has occurred while \output is active
[]/aer10/8 []
 []

[8 <./bkde2.png>] <hcl-colors-arthritis1.pdf, id=206, 505.89pt x 433.62pt>
File: hcl-colors-arthritis1.pdf Graphic file (type pdf)

<use hcl-colors-arthritis1.pdf> <class.png, id=207, 642.4pt x 481.8pt>
File: class.png Graphic file (type png)

<use class.png> (./hcl-colors.bbl)
Overfull \hbox (5.0pt too wide) has occurred while \output is active
[][] /aer10/9
 []

[9]
Overfull \hbox (10.0pt too wide) has occurred while \output is active
[]/aer10/10 []
 []

[10 <./hcl-colors-arthritis1.pdf> <./class.png>] (./hcl-colors.aux) ) 
Here is how much of TeX's memory you used:
 3697 strings out of 95437
 52071 string characters out of 1190233
 100736 words of memory out of 1000001
 6576 multiletter control sequences out of 10000+50000
 45262 words of font info for 82 fonts, out of 500000 for 1000
 14 hyphenation exceptions out of 1000
 35i,9n,34p,354b,445s stack positions out of 1500i,500n,5000p,200000b,5000s
 227 PDF objects out of 300000
 40 named destinations out of 131072
 164 words of extra memory for PDF output out of 65536
{/usr/shar
e/texmf/dvips/tetex/0ef0afca.enc}</usr/share/texmf/fonts/type1/bluesky/cm/cmr5.
pfb>{/usr/share/texmf/dvips/tetex/bbad153f.enc}</usr/share/texmf/fonts/type1/bl
uesky/cm/cmsy10.pfb>{/usr/share/texmf/dvips/tetex/f7b6d320.enc}</usr/share/texm
f/fonts/type1/bluesky/cm/cmr7.pfb>{/usr/share/texmf/dvips/tetex/aae443f0.enc}</
usr/share/texmf/fonts/type1/bluesky/cm/cmmi7.pfb></usr/share/texmf/fonts/type1/
bluesky/cm/cmmi10.pfb></usr/share/texmf/fonts/type1/bluesky/cm/cmssi10.pfb></us
r/share/texmf/fonts/type1/bluesky/cm/cmsl10.pfb>{/usr/share/texmf/dvips/tetex/0
9fbbfac.enc}</usr/share/texmf/fonts/type1/bluesky/cm/cmtt10.pfb></usr/share/tex
mf/fonts/type1/bluesky/cm/cmsltt10.pfb></usr/share/texmf/fonts/type1/bluesky/cm
/cmss10.pfb>{/usr/share/texmf/dvips/tetex/74afc74c.enc}</usr/share/texmf/fonts/
type1/bluesky/cm/cmti10.pfb></usr/share/texmf/fonts/type1/bluesky/cm/cmss9.pfb>
</usr/share/texmf/fonts/type1/bluesky/cm/cmb10.pfb></usr/share/texmf/fonts/type
1/bluesky/cm/cmr9.pfb></usr/share/texmf/fonts/type1/bluesky/cm/cmbx9.pfb></usr/
share/texmf/fonts/type1/bluesky/cm/cmr10.pfb></usr/share/texmf/fonts/type1/blue
sky/cm/cmr12.pfb></usr/share/texmf/fonts/type1/bluesky/cm/cmssbx10.pfb></usr/sh
are/texmf/fonts/type1/bluesky/cm/cmbx12.pfb>
Output written on hcl-colors.pdf (10 pages, 238999 bytes).
