This is pdfeTeXk, Version 3.141592-1.21a-2.2 (Web2C 7.5.4) (format=pdflatex 2007.4.20)  16 OCT 2007 15:56
entering extended mode
 file:line:error style messages enabled.
**\nonstopmode \input /home/meyer/src/pkg/vcd/inst/doc/residual-shadings.tex
(/home/meyer/src/pkg/vcd/inst/doc/residual-shadings.tex
(/home/Meyer/lib/texmf/tex/latex/Z.cls
Document Class: Z 2006/10/11 1.1 Z class by Achim Zeileis
(/usr/share/texmf-tetex/tex/latex/base/article.cls
Document Class: article 2004/02/16 v1.4f Standard LaTeX document class
(/usr/share/texmf-tetex/tex/latex/base/size10.clo
File: size10.clo 2004/02/16 v1.4f Standard LaTeX file (size option)
)
\c@part=\count79
\c@section=\count80
\c@subsection=\count81
\c@subsubsection=\count82
\c@paragraph=\count83
\c@subparagraph=\count84
\c@figure=\count85
\c@table=\count86
\abovecaptionskip=\skip41
\belowcaptionskip=\skip42
\bibindent=\dimen102
)
(/usr/share/texmf-tetex/tex/latex/graphics/graphicx.sty
Package: graphicx 1999/02/16 v1.0f Enhanced LaTeX Graphics (DPC,SPQR)

(/usr/share/texmf-tetex/tex/latex/graphics/keyval.sty
Package: keyval 1999/03/16 v1.13 key=value parser (DPC)
\KV@toks@=\toks14
)
(/usr/share/texmf-tetex/tex/latex/graphics/graphics.sty
Package: graphics 2001/07/07 v1.0n Standard LaTeX Graphics (DPC,SPQR)

(/usr/share/texmf-tetex/tex/latex/graphics/trig.sty
Package: trig 1999/03/16 v1.09 sin cos tan (DPC)
)
(/usr/share/texmf-tetex/tex/latex/graphics/graphics.cfg
File: graphics.cfg 2005/02/03 v1.3 graphics configuration of teTeX/TeXLive
)
Package graphics Info: Driver file: pdftex.def on input line 80.

(/usr/share/texmf-tetex/tex/latex/graphics/pdftex.def
File: pdftex.def 2002/06/19 v0.03k graphics/color for pdftex
\Gread@gobject=\count87
))
\Gin@req@height=\dimen103
\Gin@req@width=\dimen104
)
(/usr/share/texmf-tetex/tex/latex/a4wide/a4wide.sty
Package: a4wide 1994/08/30

(/usr/share/texmf-tetex/tex/latex/ntgclass/a4.sty
Package: a4 2004/04/15 v1.2g A4 based page layout
))
(/usr/share/texmf-tetex/tex/latex/graphics/color.sty
Package: color 1999/02/16 v1.0i Standard LaTeX Color (DPC)

(/usr/share/texmf-tetex/tex/latex/graphics/color.cfg
File: color.cfg 2005/02/03 v1.3 color configuration of teTeX/TeXLive
)
Package color Info: Driver file: pdftex.def on input line 125.
)
(/usr/share/texmf-tetex/tex/latex/hyperref/hyperref.sty
Package: hyperref 2003/11/30 v6.74m Hypertext links for LaTeX
\@linkdim=\dimen105
\Hy@linkcounter=\count88
\Hy@pagecounter=\count89

(/usr/share/texmf-tetex/tex/latex/hyperref/pd1enc.def
File: pd1enc.def 2003/11/30 v6.74m Hyperref: PDFDocEncoding definition (HO)
)
(/home/Meyer/lib/texmf/tex/latex/hyperref.cfg
Package hyperref Info: Option `hyperindex' set `true' on input line 11.
Package hyperref Info: Option `colorlinks' set `true' on input line 11.
Package hyperref Info: Option `linktocpage' set `true' on input line 11.
Package hyperref Info: Option `plainpages' set `false' on input line 11.
)
Package hyperref Info: Hyper figures OFF on input line 1880.
Package hyperref Info: Link nesting OFF on input line 1885.
Package hyperref Info: Hyper index ON on input line 1888.
Package hyperref Info: Plain pages OFF on input line 1895.
Package hyperref Info: Backreferencing OFF on input line 1900.

Implicit mode ON; LaTeX internals redefined
Package hyperref Info: Bookmarks ON on input line 2004.
(/usr/share/texmf-tetex/tex/latex/url/url.sty
\Urlmuskip=\muskip10
Package: url 2004/03/15  ver 3.1  Verb mode for urls, etc.
)
LaTeX Info: Redefining \url on input line 2143.
\Fld@menulength=\count90
\Field@Width=\dimen106
\Fld@charsize=\dimen107
\Choice@toks=\toks15
\Field@toks=\toks16
Package hyperref Info: Hyper figures OFF on input line 2618.
Package hyperref Info: Link nesting OFF on input line 2623.
Package hyperref Info: Hyper index ON on input line 2626.
Package hyperref Info: backreferencing OFF on input line 2633.
Package hyperref Info: Link coloring ON on input line 2636.
\c@Item=\count91
\c@Hfootnote=\count92
)
*hyperref using default driver hpdftex*
(/usr/share/texmf-tetex/tex/latex/hyperref/hpdftex.def
File: hpdftex.def 2003/11/30 v6.74m Hyperref driver for pdfTeX

(/usr/share/texmf-tetex/tex/latex/psnfss/pifont.sty
Package: pifont 2004/09/15 PSNFSS-v9.2 Pi font support (SPQR) 
LaTeX Font Info:    Try loading font information for U+pzd on input line 63.

(/usr/share/texmf-tetex/tex/latex/psnfss/upzd.fd
File: upzd.fd 2001/06/04 font definitions for U/pzd.
)
LaTeX Font Info:    Try loading font information for U+psy on input line 64.

(/usr/share/texmf-tetex/tex/latex/psnfss/upsy.fd
File: upsy.fd 2001/06/04 font definitions for U/psy.
))
\Fld@listcount=\count93
\@outlinefile=\write3
)
(/usr/share/texmf-tetex/tex/latex/ae/ae.sty
Package: ae 2001/02/12 1.3 Almost European Computer Modern

(/usr/share/texmf-tetex/tex/latex/base/fontenc.sty
Package: fontenc 2004/02/22 v1.99f Standard LaTeX package

(/usr/share/texmf-tetex/tex/latex/base/t1enc.def
File: t1enc.def 2004/02/22 v1.99f Standard LaTeX file
LaTeX Font Info:    Redeclaring font encoding T1 on input line 43.
)
LaTeX Font Info:    Try loading font information for T1+aer on input line 100.

(/usr/share/texmf-tetex/tex/latex/ae/t1aer.fd
File: t1aer.fd 1997/11/16 Font definitions for T1/aer.
)))
(/usr/share/texmf-tetex/tex/latex/fancyvrb/fancyvrb.sty
Package: fancyvrb 1998/07/17

Style option: `fancyvrb' v2.6, with DG/SPQR fixes <1998/07/17> (tvz)
\FV@CodeLineNo=\count94
\FV@InFile=\read1
\FV@TabBox=\box26
\c@FancyVerbLine=\count95
\FV@StepNumber=\count96
\FV@OutFile=\write4

No file fancyvrb.cfg.
) (/usr/share/texmf-tetex/tex/latex/base/fontenc.sty
Package: fontenc 2004/02/22 v1.99f Standard LaTeX package

(/usr/share/texmf-tetex/tex/latex/base/t1enc.def
File: t1enc.def 2004/02/22 v1.99f Standard LaTeX file
LaTeX Font Info:    Redeclaring font encoding T1 on input line 43.
))
(/usr/share/texmf-tetex/tex/latex/natbib/natbib.sty
Package: natbib 2003/06/06 7.1 (PWD)
\bibhang=\skip43
\bibsep=\skip44
LaTeX Info: Redefining \cite on input line 518.
\c@NAT@ctr=\count97
)
\preXLskip=\skip45
\preLskip=\skip46
\preMskip=\skip47
\preSskip=\skip48
\postMskip=\skip49
\postSskip=\skip50


Package hyperref Warning: Option `hyperindex' has already been used,
(hyperref)                setting the option has no effect on input line 212.

Package hyperref Info: Option `colorlinks' set `true' on input line 212.
Package hyperref Info: Option `linktocpage' set `true' on input line 212.
Package hyperref Info: Option `plainpages' set `false' on input line 212.
) (/usr/share/texmf-tetex/tex/latex/rotating/rotating.sty
Package: rotating 1997/09/26 v2.13 Rotation package

(/usr/share/texmf-tetex/tex/latex/base/ifthen.sty
Package: ifthen 2001/05/26 v1.1c Standard LaTeX ifthen package (DPC)
)
\c@r@tfl@t=\count98
\rot@float@box=\box27
) (./residual-shadings.aux

LaTeX Warning: Label `sec:arthritis' multiply defined.

)
\openout1 = `residual-shadings.aux'.

LaTeX Font Info:    Checking defaults for OML/cmm/m/it on input line 24.
LaTeX Font Info:    ... okay on input line 24.
LaTeX Font Info:    Checking defaults for T1/cmr/m/n on input line 24.
LaTeX Font Info:    ... okay on input line 24.
LaTeX Font Info:    Checking defaults for OT1/cmr/m/n on input line 24.
LaTeX Font Info:    ... okay on input line 24.
LaTeX Font Info:    Checking defaults for OMS/cmsy/m/n on input line 24.
LaTeX Font Info:    ... okay on input line 24.
LaTeX Font Info:    Checking defaults for OMX/cmex/m/n on input line 24.
LaTeX Font Info:    ... okay on input line 24.
LaTeX Font Info:    Checking defaults for U/cmr/m/n on input line 24.
LaTeX Font Info:    ... okay on input line 24.
LaTeX Font Info:    Checking defaults for PD1/pdf/m/n on input line 24.
LaTeX Font Info:    ... okay on input line 24.
 (/usr/share/texmf-tetex/tex/context/base/supp-pdf.tex
(/usr/share/texmf-tetex/tex/context/base/supp-mis.tex
loading : Context Support Macros / Miscellaneous (2004.10.26)
\protectiondepth=\count99
\scratchcounter=\count100
\scratchtoks=\toks17
\scratchdimen=\dimen108
\scratchskip=\skip51
\scratchmuskip=\muskip11
\scratchbox=\box28
\scratchread=\read2
\scratchwrite=\write5
\zeropoint=\dimen109
\onepoint=\dimen110
\onebasepoint=\dimen111
\minusone=\count101
\thousandpoint=\dimen112
\onerealpoint=\dimen113
\emptytoks=\toks18
\nextbox=\box29
\nextdepth=\dimen114
\everyline=\toks19
\!!counta=\count102
\!!countb=\count103
\recursecounter=\count104
)
loading : Context Support Macros / PDF (2004.03.26)
\nofMPsegments=\count105
\nofMParguments=\count106
\MPscratchCnt=\count107
\MPscratchDim=\dimen115
\MPnumerator=\count108
\everyMPtoPDFconversion=\toks20
)
Package hyperref Info: Link coloring ON on input line 24.
 (/usr/share/texmf-tetex/tex/latex/hyperref/nameref.sty
Package: nameref 2003/12/03 v2.21 Cross-referencing by name of section
\c@section@level=\count109
)
LaTeX Info: Redefining \ref on input line 24.
LaTeX Info: Redefining \pageref on input line 24.

(./residual-shadings.out) (./residual-shadings.out)
\openout3 = `residual-shadings.out'.

LaTeX Font Info:    External font `cmex10' loaded for size
(Font)              <7> on input line 24.
LaTeX Font Info:    External font `cmex10' loaded for size
(Font)              <5> on input line 24.
LaTeX Font Info:    Try loading font information for T1+aess on input line 36.

(/usr/share/texmf-tetex/tex/latex/ae/t1aess.fd
File: t1aess.fd 1997/11/16 Font definitions for T1/aess.
)
LaTeX Font Info:    Try loading font information for T1+aett on input line 36.

(/usr/share/texmf-tetex/tex/latex/ae/t1aett.fd
File: t1aett.fd 1997/11/16 Font definitions for T1/aett.
)

Package natbib Warning: Citation `vcd:Ihaka:2004' on page 1 undefined on input 
line 39.

[1

{/var/lib/texmf/fonts/map/pdftex/updmap/pdftex.map}]
<residual-shadings-Arthritis-classic1.pdf, id=91, 794.97pt x 433.62pt>
File: residual-shadings-Arthritis-classic1.pdf Graphic file (type pdf)

<use residual-shadings-Arthritis-classic1.pdf>
Overfull \hbox (5.0pt too wide) has occurred while \output is active
[]\T1/aer/m/n/10 2 []
 []

[2 <./residual-shadings-Arthritis-classic1.pdf>]
<residual-shadings-shadings.pdf, id=112, 1300.86pt x 867.24pt>
File: residual-shadings-shadings.pdf Graphic file (type pdf)

<use residual-shadings-shadings.pdf> Adding sideways figure on  left hand page
Overfull \hbox (5.0pt too wide) has occurred while \output is active
[][] \T1/aer/m/n/10 3
 []

[3]
Overfull \hbox (5.0pt too wide) has occurred while \output is active
[]\T1/aer/m/n/10 4 []
 []

[4 <./residual-shadings-shadings.pdf>]
<residual-shadings-alzheimer-plot1.pdf, id=134, 650.43pt x 361.35pt>
File: residual-shadings-alzheimer-plot1.pdf Graphic file (type pdf)

<use residual-shadings-alzheimer-plot1.pdf>
Overfull \hbox (5.0pt too wide) has occurred while \output is active
[][] \T1/aer/m/n/10 5
 []

[5]
Overfull \hbox (5.0pt too wide) has occurred while \output is active
[]\T1/aer/m/n/10 6 []
 []

[6 <./residual-shadings-alzheimer-plot1.pdf>]
<residual-shadings-Punishment-assoc1.pdf, id=163, 794.97pt x 794.97pt>
File: residual-shadings-Punishment-assoc1.pdf Graphic file (type pdf)

<use residual-shadings-Punishment-assoc1.pdf>
<residual-shadings-Punishment-mosaic1.pdf, id=164, 794.97pt x 794.97pt>
File: residual-shadings-Punishment-mosaic1.pdf Graphic file (type pdf)

<use residual-shadings-Punishment-mosaic1.pdf>
Overfull \hbox (5.0pt too wide) has occurred while \output is active
[][] \T1/aer/m/n/10 7
 []

[7]
Overfull \hbox (5.0pt too wide) has occurred while \output is active
[]\T1/aer/m/n/10 8 []
 []

[8 <./residual-shadings-Punishment-assoc1.pdf>]
Overfull \hbox (5.0pt too wide) has occurred while \output is active
[][] \T1/aer/m/n/10 9
 []

[9 <./residual-shadings-Punishment-mosaic1.pdf>] (./residual-shadings.bbl
LaTeX Font Info:    Font shape `T1/aess/m/it' in size <10> not available
(Font)              Font shape `T1/aess/m/sl' tried instead on input line 14.
)

Package natbib Warning: There were undefined citations.


Overfull \hbox (10.0pt too wide) has occurred while \output is active
[]\T1/aer/m/n/10 10 []
 []

[10] (./residual-shadings.aux)

LaTeX Warning: There were multiply-defined labels.

 ) 
Here is how much of TeX's memory you used:
 3822 strings out of 94500
 52011 string characters out of 1175788
 106633 words of memory out of 1000000
 6855 multiletter control sequences out of 10000+50000
 44424 words of font info for 82 fonts, out of 500000 for 2000
 580 hyphenation exceptions out of 8191
 35i,9n,34p,513b,334s stack positions out of 1500i,500n,5000p,200000b,5000s
PDF statistics:
 214 PDF objects out of 300000
 35 named destinations out of 131072
 82 words of extra memory for PDF output out of 65536
</usr/share/texmf-tetex/fonts/type1/bluesky/cm/cmssi10.pfb></usr/share/texmf-
tetex/fonts/type1/bluesky/cm/cmsy10.pfb></usr/share/texmf-tetex/fonts/type1/blu
esky/cm/cmmi10.pfb></usr/share/texmf-tetex/fonts/type1/bluesky/cm/cmsl10.pfb></
usr/share/texmf-tetex/fonts/type1/bluesky/cm/cmsltt10.pfb></usr/share/texmf-tet
ex/fonts/type1/bluesky/cm/cmbx10.pfb></usr/share/texmf-tetex/fonts/type1/bluesk
y/cm/cmtt10.pfb></usr/share/texmf-tetex/fonts/type1/bluesky/cm/cmss10.pfb></usr
/share/texmf-tetex/fonts/type1/bluesky/cm/cmti10.pfb></usr/share/texmf-tetex/fo
nts/type1/bluesky/cm/cmr9.pfb></usr/share/texmf-tetex/fonts/type1/bluesky/cm/cm
bx9.pfb></usr/share/texmf-tetex/fonts/type1/bluesky/cm/cmr10.pfb></usr/share/te
xmf-tetex/fonts/type1/bluesky/cm/cmr12.pfb></usr/share/texmf-tetex/fonts/type1/
bluesky/cm/cmb10.pfb></usr/share/texmf-tetex/fonts/type1/bluesky/cm/cmbx12.pfb>

Output written on residual-shadings.pdf (10 pages, 245131 bytes).
