This is pdfTeXk, Version 3.141592-1.40.3 (Web2C 7.5.6) (format=pdflatex 2008.4.27)  8 MAY 2008 18:21
entering extended mode
 file:line:error style messages enabled.
 %&-line parsing enabled.
**\nonstopmode \input ./strucplot.tex
(./strucplot.tex (./Z.cls
Document Class: Z 2006/10/11 1.1 Z class by Achim Zeileis
(/usr/share/texmf-texlive/tex/latex/base/article.cls
Document Class: article 2005/09/16 v1.4f Standard LaTeX document class
(/usr/share/texmf-texlive/tex/latex/base/size10.clo
File: size10.clo 2005/09/16 v1.4f Standard LaTeX file (size option)
)
\c@part=\count79
\c@section=\count80
\c@subsection=\count81
\c@subsubsection=\count82
\c@paragraph=\count83
\c@subparagraph=\count84
\c@figure=\count85
\c@table=\count86
\abovecaptionskip=\skip41
\belowcaptionskip=\skip42
\bibindent=\dimen102
)
(/usr/share/texmf-texlive/tex/latex/graphics/graphicx.sty
Package: graphicx 1999/02/16 v1.0f Enhanced LaTeX Graphics (DPC,SPQR)

(/usr/share/texmf-texlive/tex/latex/graphics/keyval.sty
Package: keyval 1999/03/16 v1.13 key=value parser (DPC)
\KV@toks@=\toks14
)
(/usr/share/texmf-texlive/tex/latex/graphics/graphics.sty
Package: graphics 2006/02/20 v1.0o Standard LaTeX Graphics (DPC,SPQR)

(/usr/share/texmf-texlive/tex/latex/graphics/trig.sty
Package: trig 1999/03/16 v1.09 sin cos tan (DPC)
)
(/etc/texmf/tex/latex/config/graphics.cfg
File: graphics.cfg 2007/01/18 v1.5 graphics configuration of teTeX/TeXLive
)
Package graphics Info: Driver file: pdftex.def on input line 90.

(/usr/share/texmf-texlive/tex/latex/pdftex-def/pdftex.def
File: pdftex.def 2007/01/08 v0.04d Graphics/color for pdfTeX
\Gread@gobject=\count87
))
\Gin@req@height=\dimen103
\Gin@req@width=\dimen104
)
(/usr/share/texmf-texlive/tex/latex/ltxmisc/a4wide.sty
Package: a4wide 1994/08/30

(/usr/share/texmf-texlive/tex/latex/ntgclass/a4.sty
Package: a4 2004/04/15 v1.2g A4 based page layout
))
(/usr/share/texmf-texlive/tex/latex/graphics/color.sty
Package: color 2005/11/14 v1.0j Standard LaTeX Color (DPC)

(/etc/texmf/tex/latex/config/color.cfg
File: color.cfg 2007/01/18 v1.5 color configuration of teTeX/TeXLive
)
Package color Info: Driver file: pdftex.def on input line 130.
)
(/usr/share/texmf-texlive/tex/latex/hyperref/hyperref.sty
Package: hyperref 2007/02/07 v6.75r Hypertext links for LaTeX
\@linkdim=\dimen105
\Hy@linkcounter=\count88
\Hy@pagecounter=\count89

(/usr/share/texmf-texlive/tex/latex/hyperref/pd1enc.def
File: pd1enc.def 2007/02/07 v6.75r Hyperref: PDFDocEncoding definition (HO)
)
(/home/Meyer/lib/texmf/tex/latex/hyperref.cfg
Package hyperref Info: Option `hyperindex' set `true' on input line 11.
Package hyperref Info: Option `colorlinks' set `true' on input line 11.
Package hyperref Info: Option `linktocpage' set `true' on input line 11.
Package hyperref Info: Option `plainpages' set `false' on input line 11.
)
(/usr/share/texmf-texlive/tex/latex/oberdiek/kvoptions.sty
Package: kvoptions 2006/08/22 v2.4 Connects package keyval with LaTeX options (
HO)
)
Package hyperref Info: Hyper figures OFF on input line 2288.
Package hyperref Info: Link nesting OFF on input line 2293.
Package hyperref Info: Hyper index ON on input line 2296.
Package hyperref Info: Plain pages OFF on input line 2303.
Package hyperref Info: Backreferencing OFF on input line 2308.

Implicit mode ON; LaTeX internals redefined
Package hyperref Info: Bookmarks ON on input line 2444.
(/usr/share/texmf-texlive/tex/latex/ltxmisc/url.sty
\Urlmuskip=\muskip10
Package: url 2005/06/27  ver 3.2  Verb mode for urls, etc.
)
LaTeX Info: Redefining \url on input line 2599.
\Fld@menulength=\count90
\Field@Width=\dimen106
\Fld@charsize=\dimen107
\Choice@toks=\toks15
\Field@toks=\toks16
Package hyperref Info: Hyper figures OFF on input line 3102.
Package hyperref Info: Link nesting OFF on input line 3107.
Package hyperref Info: Hyper index ON on input line 3110.
Package hyperref Info: backreferencing OFF on input line 3117.
Package hyperref Info: Link coloring ON on input line 3120.
\Hy@abspage=\count91
\c@Item=\count92
\c@Hfootnote=\count93
)
*hyperref using default driver hpdftex*
(/usr/share/texmf-texlive/tex/latex/hyperref/hpdftex.def
File: hpdftex.def 2007/02/07 v6.75r Hyperref driver for pdfTeX
\Fld@listcount=\count94
)
(/usr/share/texmf-texlive/tex/latex/ae/ae.sty
Package: ae 2001/02/12 1.3 Almost European Computer Modern

(/usr/share/texmf-texlive/tex/latex/base/fontenc.sty
Package: fontenc 2005/09/27 v1.99g Standard LaTeX package

(/usr/share/texmf-texlive/tex/latex/base/t1enc.def
File: t1enc.def 2005/09/27 v1.99g Standard LaTeX file
LaTeX Font Info:    Redeclaring font encoding T1 on input line 43.
)
LaTeX Font Info:    Try loading font information for T1+aer on input line 100.

(/usr/share/texmf-texlive/tex/latex/ae/t1aer.fd
File: t1aer.fd 1997/11/16 Font definitions for T1/aer.
)))
(/usr/share/texmf-texlive/tex/latex/fancyvrb/fancyvrb.sty
Package: fancyvrb 1998/07/17

Style option: `fancyvrb' v2.6, with DG/SPQR fixes <1998/07/17> (tvz)
\FV@CodeLineNo=\count95
\FV@InFile=\read1
\FV@TabBox=\box26
\c@FancyVerbLine=\count96
\FV@StepNumber=\count97
\FV@OutFile=\write3

No file fancyvrb.cfg.
) (/usr/share/texmf-texlive/tex/latex/base/fontenc.sty
Package: fontenc 2005/09/27 v1.99g Standard LaTeX package

(/usr/share/texmf-texlive/tex/latex/base/t1enc.def
File: t1enc.def 2005/09/27 v1.99g Standard LaTeX file
LaTeX Font Info:    Redeclaring font encoding T1 on input line 43.
))
(/usr/share/texmf-texlive/tex/latex/natbib/natbib.sty
Package: natbib 2007/02/05 8.0 (PWD)
\bibhang=\skip43
\bibsep=\skip44
LaTeX Info: Redefining \cite on input line 602.
\c@NAT@ctr=\count98
)
\preXLskip=\skip45
\preLskip=\skip46
\preMskip=\skip47
\preSskip=\skip48
\postMskip=\skip49
\postSskip=\skip50


Package hyperref Warning: Option `hyperindex' has already been used,
(hyperref)                setting the option has no effect on input line 212.

Package hyperref Info: Option `colorlinks' set `true' on input line 212.
Package hyperref Info: Option `linktocpage' set `true' on input line 212.
Package hyperref Info: Option `plainpages' set `false' on input line 212.
) (/usr/share/texmf-texlive/tex/generic/thumbpdf/thumbpdf.sty
Package: thumbpdf 2005/07/06 v3.8 Inclusion of thumbnails (HO)
\c@thumb=\count99
 (./strucplot.tpt)) (./strucplot.aux)
\openout1 = `strucplot.aux'.

LaTeX Font Info:    Checking defaults for OML/cmm/m/it on input line 68.
LaTeX Font Info:    ... okay on input line 68.
LaTeX Font Info:    Checking defaults for T1/cmr/m/n on input line 68.
LaTeX Font Info:    ... okay on input line 68.
LaTeX Font Info:    Checking defaults for OT1/cmr/m/n on input line 68.
LaTeX Font Info:    ... okay on input line 68.
LaTeX Font Info:    Checking defaults for OMS/cmsy/m/n on input line 68.
LaTeX Font Info:    ... okay on input line 68.
LaTeX Font Info:    Checking defaults for OMX/cmex/m/n on input line 68.
LaTeX Font Info:    ... okay on input line 68.
LaTeX Font Info:    Checking defaults for U/cmr/m/n on input line 68.
LaTeX Font Info:    ... okay on input line 68.
LaTeX Font Info:    Checking defaults for PD1/pdf/m/n on input line 68.
LaTeX Font Info:    ... okay on input line 68.
Package hyperref Info: Link coloring ON on input line 68.
 (/usr/share/texmf-texlive/tex/latex/hyperref/nameref.sty
Package: nameref 2006/12/27 v2.28 Cross-referencing by name of section

(/usr/share/texmf-texlive/tex/latex/oberdiek/refcount.sty
Package: refcount 2006/02/20 v3.0 Data extraction from references (HO)
)
\c@section@level=\count100
)
LaTeX Info: Redefining \ref on input line 68.
LaTeX Info: Redefining \pageref on input line 68.
 (./strucplot.out)
(./strucplot.out)
\@outlinefile=\write4
\openout4 = `strucplot.out'.

LaTeX Font Info:    External font `cmex10' loaded for size
(Font)              <7> on input line 68.
LaTeX Font Info:    External font `cmex10' loaded for size
(Font)              <5> on input line 68.
LaTeX Font Info:    Try loading font information for T1+aess on input line 68.
 (/usr/share/texmf-texlive/tex/latex/ae/t1aess.fd
File: t1aess.fd 1997/11/16 Font definitions for T1/aess.
) [1

{/var/lib/texmf/fonts/map/pdftex/updmap/pdftex.map}]
<strucplot-Arthritis.pdf, id=201, 505.89pt x 433.62pt>
File: strucplot-Arthritis.pdf Graphic file (type pdf)

<use strucplot-Arthritis.pdf>
LaTeX Font Info:    Try loading font information for T1+aett on input line 194.

 (/usr/share/texmf-texlive/tex/latex/ae/t1aett.fd
File: t1aett.fd 1997/11/16 Font definitions for T1/aett.
) <strucplot-UCBAdmissions.pdf, id=202, 722.7pt x 433.62pt>
File: strucplot-UCBAdmissions.pdf Graphic file (type pdf)

<use strucplot-UCBAdmissions.pdf>
<strucplot-PreSex.pdf, id=203, 505.89pt x 433.62pt>
File: strucplot-PreSex.pdf Graphic file (type pdf)
 <use strucplot-PreSex.pdf>
<strucplot-Titanic.pdf, id=204, 722.7pt x 433.62pt>
File: strucplot-Titanic.pdf Graphic file (type pdf)

<use strucplot-Titanic.pdf>
Overfull \hbox (5.0pt too wide) has occurred while \output is active
[]\T1/aer/m/n/10 2 []
 []

[2]
Overfull \hbox (5.0pt too wide) has occurred while \output is active
[][] \T1/aer/m/n/10 3
 []

[3 <./strucplot-Arthritis.pdf> <./strucplot-UCBAdmissions.pdf>]
Overfull \hbox (5.0pt too wide) has occurred while \output is active
[]\T1/aer/m/n/10 4 []
 []

[4 <./strucplot-PreSex.pdf> <./strucplot-Titanic.pdf>]
LaTeX Font Info:    Try loading font information for OMS+aer on input line 277.


(/usr/share/R/share/texmf/omsaer.fd
File: omsaer.fd 1999/12/27
)
LaTeX Font Info:    Font shape `OMS/aer/m/n' in size <10> not available
(Font)              Font shape `OMS/cmsy/m/n' tried instead on input line 277.

Overfull \hbox (24.63858pt too wide) in paragraph at lines 322--367
[][] 
 []

<struc.pdf, id=273, 796.9775pt x 597.23125pt>
File: struc.pdf Graphic file (type pdf)
 <use struc.pdf>

LaTeX Warning: `h' float specifier changed to `ht'.

<strucplot-vcdlayout.pdf, id=274, 433.62pt x 433.62pt>
File: strucplot-vcdlayout.pdf Graphic file (type pdf)

<use strucplot-vcdlayout.pdf>

LaTeX Warning: `h' float specifier changed to `ht'.


Overfull \hbox (5.0pt too wide) has occurred while \output is active
[][] \T1/aer/m/n/10 5
 []

[5]
Overfull \hbox (5.0pt too wide) has occurred while \output is active
[]\T1/aer/m/n/10 6 []
 []

[6] <strucplot-Observedfig.pdf, id=294, 505.89pt x 433.62pt>
File: strucplot-Observedfig.pdf Graphic file (type pdf)

<use strucplot-Observedfig.pdf>
Overfull \hbox (5.0pt too wide) has occurred while \output is active
[][] \T1/aer/m/n/10 7
 []

[7 <./struc.pdf>] <strucplot-Expectedfig.pdf, id=309, 505.89pt x 433.62pt>
File: strucplot-Expectedfig.pdf Graphic file (type pdf)

<use strucplot-Expectedfig.pdf>
<strucplot-sievefig.pdf, id=313, 505.89pt x 433.62pt>
File: strucplot-sievefig.pdf Graphic file (type pdf)

<use strucplot-sievefig.pdf>

LaTeX Warning: `h' float specifier changed to `ht'.

<strucplot-Residualsfig.pdf, id=317, 433.62pt x 722.7pt>
File: strucplot-Residualsfig.pdf Graphic file (type pdf)

<use strucplot-Residualsfig.pdf>
Overfull \hbox (5.0pt too wide) has occurred while \output is active
[]\T1/aer/m/n/10 8 []
 []

[8 <./strucplot-vcdlayout.pdf>]
Overfull \hbox (5.0pt too wide) has occurred while \output is active
[][] \T1/aer/m/n/10 9
 []

[9 <./strucplot-Observedfig.pdf> <./strucplot-Expectedfig.pdf>]
<strucplot-splitfig.pdf, id=350, 505.89pt x 505.89pt>
File: strucplot-splitfig.pdf Graphic file (type pdf)

<use strucplot-splitfig.pdf>
Overfull \hbox (10.0pt too wide) has occurred while \output is active
[]\T1/aer/m/n/10 10 []
 []

[10 <./strucplot-sievefig.pdf>]
Overfull \hbox (10.0pt too wide) has occurred while \output is active
[][] \T1/aer/m/n/10 11
 []

[11 <./strucplot-Residualsfig.pdf>]
Overfull \hbox (10.0pt too wide) has occurred while \output is active
[]\T1/aer/m/n/10 12 []
 []

[12 <./strucplot-splitfig.pdf>]
Overfull \hbox (10.0pt too wide) has occurred while \output is active
[][] \T1/aer/m/n/10 13
 []

[13] <strucplot-Variablesfig.pdf, id=389, 867.24pt x 433.62pt>
File: strucplot-Variablesfig.pdf Graphic file (type pdf)

<use strucplot-Variablesfig.pdf>
<strucplot-cotabplotfig.pdf, id=391, 794.97pt x 433.62pt>
File: strucplot-cotabplotfig.pdf Graphic file (type pdf)

<use strucplot-cotabplotfig.pdf>
<strucplot-Conditioningfig.pdf, id=395, 867.24pt x 433.62pt>
File: strucplot-Conditioningfig.pdf Graphic file (type pdf)

<use strucplot-Conditioningfig.pdf>

LaTeX Warning: `h' float specifier changed to `ht'.


Overfull \hbox (10.0pt too wide) has occurred while \output is active
[]\T1/aer/m/n/10 14 []
 []

[14]
Overfull \hbox (10.0pt too wide) has occurred while \output is active
[][] \T1/aer/m/n/10 15
 []

[15 <./strucplot-Variablesfig.pdf> <./strucplot-cotabplotfig.pdf>]
<strucplot-pairsfig.pdf, id=426, 578.16pt x 578.16pt>
File: strucplot-pairsfig.pdf Graphic file (type pdf)

<use strucplot-pairsfig.pdf>

LaTeX Warning: `h' float specifier changed to `ht'.


Overfull \hbox (10.0pt too wide) has occurred while \output is active
[]\T1/aer/m/n/10 16 []
 []

[16 <./strucplot-Conditioningfig.pdf>]
<strucplot-viewportnamesfig.pdf, id=440, 505.89pt x 433.62pt>
File: strucplot-viewportnamesfig.pdf Graphic file (type pdf)

<use strucplot-viewportnamesfig.pdf>

LaTeX Warning: `h' float specifier changed to `ht'.


Overfull \hbox (10.0pt too wide) has occurred while \output is active
[][] \T1/aer/m/n/10 17
 []

[17 <./strucplot-pairsfig.pdf>]
<strucplot-changeplotfig.pdf, id=455, 505.89pt x 433.62pt>
File: strucplot-changeplotfig.pdf Graphic file (type pdf)

<use strucplot-changeplotfig.pdf>

LaTeX Warning: `h' float specifier changed to `ht'.


Overfull \hbox (10.0pt too wide) has occurred while \output is active
[]\T1/aer/m/n/10 18 []
 []

[18 <./strucplot-viewportnamesfig.pdf>]
Overfull \hbox (10.0pt too wide) has occurred while \output is active
[][] \T1/aer/m/n/10 19
 []

[19 <./strucplot-changeplotfig.pdf>]
<strucplot-ucbfig.pdf, id=493, 505.89pt x 433.62pt>
File: strucplot-ucbfig.pdf Graphic file (type pdf)
 <use strucplot-ucbfig.pdf>
<strucplot-recyclingfig.pdf, id=496, 505.89pt x 433.62pt>
File: strucplot-recyclingfig.pdf Graphic file (type pdf)

<use strucplot-recyclingfig.pdf>

LaTeX Warning: `h' float specifier changed to `ht'.


Overfull \hbox (10.0pt too wide) has occurred while \output is active
[]\T1/aer/m/n/10 20 []
 []

[20 <./strucplot-ucbfig.pdf>]
LaTeX Font Info:    Font shape `T1/aess/m/it' in size <12> not available
(Font)              Font shape `T1/aess/m/sl' tried instead on input line 1104.


Overfull \hbox (10.0pt too wide) has occurred while \output is active
[][] \T1/aer/m/n/10 21
 []

[21 <./strucplot-recyclingfig.pdf>]
<strucplot-shading1fig.pdf, id=529, 505.89pt x 433.62pt>
File: strucplot-shading1fig.pdf Graphic file (type pdf)

<use strucplot-shading1fig.pdf>
Overfull \hbox (10.0pt too wide) has occurred while \output is active
[]\T1/aer/m/n/10 22 []
 []

[22 <./strucplot-shading1fig.pdf>]
Overfull \hbox (10.0pt too wide) has occurred while \output is active
[][] \T1/aer/m/n/10 23
 []

[23] <strucplot-haireyefig1.pdf, id=553, 578.16pt x 433.62pt>
File: strucplot-haireyefig1.pdf Graphic file (type pdf)

<use strucplot-haireyefig1.pdf>
<strucplot-haireyefig2.pdf, id=554, 578.16pt x 433.62pt>
File: strucplot-haireyefig2.pdf Graphic file (type pdf)

<use strucplot-haireyefig2.pdf>
<strucplot-haireyefig3.pdf, id=555, 578.16pt x 433.62pt>
File: strucplot-haireyefig3.pdf Graphic file (type pdf)

<use strucplot-haireyefig3.pdf>
Overfull \hbox (1.44829pt too wide) in paragraph at lines 1357--1370
\T1/aer/m/n/10 Large pos-i-tive resid-u-als (greater than $\OT1/cmr/m/n/10 4$\T
1/aer/m/n/10 ) can be found for brown eyes/black hair and blue eyes/blond
 []


Overfull \hbox (10.0pt too wide) has occurred while \output is active
[]\T1/aer/m/n/10 24 []
 []

[24]
Overfull \hbox (10.0pt too wide) has occurred while \output is active
[][] \T1/aer/m/n/10 25
 []

[25 <./strucplot-haireyefig1.pdf> <./strucplot-haireyefig2.pdf> <./strucplot-ha
ireyefig3.pdf>] <strucplot-interpolatefig.pdf, id=587, 939.51pt x 433.62pt>
File: strucplot-interpolatefig.pdf Graphic file (type pdf)

<use strucplot-interpolatefig.pdf>
Overfull \hbox (10.0pt too wide) has occurred while \output is active
[]\T1/aer/m/n/10 26 []
 []

[26 <./strucplot-interpolatefig.pdf>]
<strucplot-bundesligafig.pdf, id=603, 867.24pt x 361.35pt>
File: strucplot-bundesligafig.pdf Graphic file (type pdf)

<use strucplot-bundesligafig.pdf>
<strucplot-arthritisfig.pdf, id=609, 505.89pt x 433.62pt>
File: strucplot-arthritisfig.pdf Graphic file (type pdf)

<use strucplot-arthritisfig.pdf>

LaTeX Warning: `h' float specifier changed to `ht'.


Overfull \hbox (10.0pt too wide) has occurred while \output is active
[][] \T1/aer/m/n/10 27
 []

[27 <./strucplot-bundesligafig.pdf>]
Overfull \hbox (10.0pt too wide) has occurred while \output is active
[]\T1/aer/m/n/10 28 []
 []

[28 <./strucplot-arthritisfig.pdf>]

LaTeX Font Warning: Font shape `T1/aett/bx/n' undefined
(Font)              using `T1/aett/m/n' instead on input line 1761.

<strucplot-label1fig.pdf, id=636, 578.16pt x 867.24pt>
File: strucplot-label1fig.pdf Graphic file (type pdf)

<use strucplot-label1fig.pdf>
Overfull \hbox (10.0pt too wide) has occurred while \output is active
[][] \T1/aer/m/n/10 29
 []

[29

]
Overfull \hbox (10.0pt too wide) has occurred while \output is active
[]\T1/aer/m/n/10 30 []
 []

[30 <./strucplot-label1fig.pdf>]
<strucplot-label2fig.pdf, id=658, 867.24pt x 867.24pt>
File: strucplot-label2fig.pdf Graphic file (type pdf)

<use strucplot-label2fig.pdf>
Overfull \hbox (10.0pt too wide) has occurred while \output is active
[][] \T1/aer/m/n/10 31
 []

[31]
Overfull \hbox (10.0pt too wide) has occurred while \output is active
[]\T1/aer/m/n/10 32 []
 []

[32 <./strucplot-label2fig.pdf>]
<strucplot-label3fig.pdf, id=681, 578.16pt x 578.16pt>
File: strucplot-label3fig.pdf Graphic file (type pdf)

<use strucplot-label3fig.pdf>
<strucplot-listfig.pdf, id=683, 505.89pt x 433.62pt>
File: strucplot-listfig.pdf Graphic file (type pdf)

<use strucplot-listfig.pdf>
Overfull \hbox (10.0pt too wide) has occurred while \output is active
[][] \T1/aer/m/n/10 33
 []

[33]
Overfull \hbox (10.0pt too wide) has occurred while \output is active
[]\T1/aer/m/n/10 34 []
 []

[34 <./strucplot-label3fig.pdf>]
<strucplot-artspinefig.pdf, id=706, 505.89pt x 433.62pt>
File: strucplot-artspinefig.pdf Graphic file (type pdf)

<use strucplot-artspinefig.pdf>
<strucplot-spacingfig.pdf, id=713, 867.24pt x 867.24pt>
File: strucplot-spacingfig.pdf Graphic file (type pdf)

<use strucplot-spacingfig.pdf>
Overfull \hbox (10.0pt too wide) has occurred while \output is active
[][] \T1/aer/m/n/10 35
 []

[35]
Overfull \hbox (10.0pt too wide) has occurred while \output is active
[]\T1/aer/m/n/10 36 []
 []

[36 <./strucplot-listfig.pdf> <./strucplot-artspinefig.pdf>]
Overfull \hbox (10.0pt too wide) has occurred while \output is active
[][] \T1/aer/m/n/10 37
 []

[37 <./strucplot-spacingfig.pdf>]
<strucplot-ocpairs.pdf, id=751, 578.16pt x 578.16pt>
File: strucplot-ocpairs.pdf Graphic file (type pdf)

<use strucplot-ocpairs.pdf>

LaTeX Warning: `h' float specifier changed to `ht'.


Overfull \hbox (10.0pt too wide) has occurred while \output is active
[]\T1/aer/m/n/10 38 []
 []

[38] <strucplot-ocdoubledecker.pdf, id=760, 578.16pt x 433.62pt>
File: strucplot-ocdoubledecker.pdf Graphic file (type pdf)

<use strucplot-ocdoubledecker.pdf>

LaTeX Warning: `h' float specifier changed to `ht'.

<strucplot-ocmosaicnull.pdf, id=762, 722.7pt x 433.62pt>
File: strucplot-ocmosaicnull.pdf Graphic file (type pdf)

<use strucplot-ocmosaicnull.pdf>
Overfull \hbox (10.0pt too wide) has occurred while \output is active
[][] \T1/aer/m/n/10 39
 []

[39 <./strucplot-ocpairs.pdf>]
<strucplot-ocmosaicstage.pdf, id=775, 722.7pt x 433.62pt>
File: strucplot-ocmosaicstage.pdf Graphic file (type pdf)

<use strucplot-ocmosaicstage.pdf> (./strucplot.bbl
Overfull \hbox (10.0pt too wide) has occurred while \output is active
[]\T1/aer/m/n/10 40 []
 []

[40 <./strucplot-ocdoubledecker.pdf>]
Overfull \hbox (10.0pt too wide) has occurred while \output is active
[][] \T1/aer/m/n/10 41
 []

[41 <./strucplot-ocmosaicnull.pdf> <./strucplot-ocmosaicstage.pdf>]
LaTeX Font Info:    Font shape `T1/aess/m/it' in size <10> not available
(Font)              Font shape `T1/aess/m/sl' tried instead on input line 87.

Overfull \hbox (10.0pt too wide) has occurred while \output is active
[]\T1/aer/m/n/10 42 []
 []

[42])
Overfull \hbox (10.0pt too wide) has occurred while \output is active
[][] \T1/aer/m/n/10 43
 []

[43] (./strucplot.aux)

LaTeX Font Warning: Some font shapes were not available, defaults substituted.

 ) 
Here is how much of TeX's memory you used:
 4151 strings out of 94101
 65390 string characters out of 1165810
 122937 words of memory out of 1500000
 7133 multiletter control sequences out of 10000+50000
 52807 words of font info for 94 fonts, out of 1200000 for 2000
 637 hyphenation exceptions out of 8191
 35i,9n,34p,577b,479s stack positions out of 5000i,500n,6000p,200000b,5000s
</usr/share/texmf-texlive/fonts/type1/bluesky/cm/cmb10.pfb></usr/share/texmf-
texlive/fonts/type1/bluesky/cm/cmbx10.pfb></usr/share/texmf-texlive/fonts/type1
/bluesky/cm/cmbx12.pfb></usr/share/texmf-texlive/fonts/type1/bluesky/cm/cmbx9.p
fb></usr/share/texmf-texlive/fonts/type1/bluesky/cm/cmex10.pfb></usr/share/texm
f-texlive/fonts/type1/bluesky/cm/cmitt10.pfb></usr/share/texmf-texlive/fonts/ty
pe1/bluesky/cm/cmmi10.pfb></usr/share/texmf-texlive/fonts/type1/bluesky/cm/cmmi
7.pfb></usr/share/texmf-texlive/fonts/type1/bluesky/cm/cmr10.pfb></usr/share/te
xmf-texlive/fonts/type1/bluesky/cm/cmr12.pfb></usr/share/texmf-texlive/fonts/ty
pe1/bluesky/cm/cmr7.pfb></usr/share/texmf-texlive/fonts/type1/bluesky/cm/cmr9.p
fb></usr/share/texmf-texlive/fonts/type1/bluesky/cm/cmsl10.pfb></usr/share/texm
f-texlive/fonts/type1/bluesky/cm/cmsltt10.pfb></usr/share/texmf-texlive/fonts/t
ype1/bluesky/cm/cmss10.pfb></usr/share/texmf-texlive/fonts/type1/bluesky/cm/cms
s9.pfb></usr/share/texmf-texlive/fonts/type1/bluesky/cm/cmssi10.pfb></usr/share
/texmf-texlive/fonts/type1/bluesky/cm/cmssi12.pfb></usr/share/texmf-texlive/fon
ts/type1/bluesky/cm/cmsy10.pfb></usr/share/texmf-texlive/fonts/type1/bluesky/cm
/cmsy7.pfb></usr/share/texmf-texlive/fonts/type1/bluesky/cm/cmti10.pfb></usr/sh
are/texmf-texlive/fonts/type1/bluesky/cm/cmti12.pfb></usr/share/texmf-texlive/f
onts/type1/bluesky/cm/cmtt10.pfb></usr/share/texmf-texlive/fonts/type1/bluesky/
cm/cmtt12.pfb>
Output written on strucplot.pdf (43 pages, 961549 bytes).
PDF statistics:
 971 PDF objects out of 1000 (max. 8388607)
 157 named destinations out of 1000 (max. 131072)
 513 words of extra memory for PDF output out of 10000 (max. 10000000)

